e:\code\client-win-base\public\libhttp\libhttpcurl\release\libhttpcurl.pch
e:\code\client-win-base\public\libhttp\libhttpcurl\release\vc120.pdb
e:\code\client-win-base\public\libhttp\libhttpcurl\release\stdafx.obj
e:\code\client-win-base\public\libhttp\libhttpcurl\release\libhttpcurl.obj
e:\code\client-win-base\public\libhttp\libhttpcurl\release\httpupload.obj
e:\code\client-win-base\public\libhttp\libhttpcurl\release\httprequest.obj
e:\code\client-win-base\public\libhttp\libhttpcurl\release\httpdownload.obj
e:\code\client-win-base\public\libhttp\libhttpcurl\release\httpcore.obj
e:\code\client-win-base\public\libhttp\libhttpcurl\release\clogprint.obj
e:\code\client-win-base\public\libhttp\libhttpcurl\release\chttpresponse.obj
e:\code\client-win-base\public\libhttp\libhttpcurl\release\channelservermgr.obj
e:\code\client-win-base\public\libhttp\libhttpcurl\release\dllmain.obj
e:\code\client-win-base\release\libhttpcurl.lib
e:\code\client-win-base\release\libhttpcurl.exp
e:\code\client-win-base\release\libhttpcurl.dll
e:\code\client-win-base\release\libhttpcurl.pdb
e:\code\client-win-base\public\libhttp\libhttpcurl\release\libhttpcurl.tlog\cl.command.1.tlog
e:\code\client-win-base\public\libhttp\libhttpcurl\release\libhttpcurl.tlog\cl.read.1.tlog
e:\code\client-win-base\public\libhttp\libhttpcurl\release\libhttpcurl.tlog\cl.write.1.tlog
e:\code\client-win-base\public\libhttp\libhttpcurl\release\libhttpcurl.tlog\libhttpcurl.write.1u.tlog
e:\code\client-win-base\public\libhttp\libhttpcurl\release\libhttpcurl.tlog\link.command.1.tlog
e:\code\client-win-base\public\libhttp\libhttpcurl\release\libhttpcurl.tlog\link.read.1.tlog
e:\code\client-win-base\public\libhttp\libhttpcurl\release\libhttpcurl.tlog\link.write.1.tlog
